<?xml version="1.0" encoding="UTF-8"?>
<testsuite xmlns:xsi="http://www.w3.org/2001/XMLSchema-instance" xsi:noNamespaceSchemaLocation="https://maven.apache.org/surefire/maven-surefire-plugin/xsd/surefire-test-report-3.0.xsd" version="3.0" name="com.cascada.cache.application.WarmingOrchestratorTest" time="0.014" tests="6" errors="0" skipped="0" failures="0">
  <properties>
[...]
</properties>
  <testcase name="speculativeWarmingEnqueuesPredictedNextDrillDowns" classname="com.cascada.cache.application.WarmingOrchestratorTest" time="0.005"/>
  <testcase name="forceOverwriteRewarmsEvenAlreadyWarmedBuckets" classname="com.cascada.cache.application.WarmingOrchestratorTest" time="0.002"/>
  <testcase name="perBucketExistsSkipWarmsOnlyTheNewlyRequestedBucket" classname="com.cascada.cache.application.WarmingOrchestratorTest" time="0.001"/>
  <testcase name="skipsAlreadyWarmedBucketsOnTheSecondCycle" classname="com.cascada.cache.application.WarmingOrchestratorTest" time="0.001"/>
  <testcase name="layer2DoesNotDoubleWarmAHashLayer1AlreadyCovered" classname="com.cascada.cache.application.WarmingOrchestratorTest" time="0.001"/>
  <testcase name="warmsEveryBodyBucketForEachQueuedPattern" classname="com.cascada.cache.application.WarmingOrchestratorTest" time="0.0"/>
</testsuite>