<?xml version="1.0" encoding="UTF-8"?>
<testsuite xmlns:xsi="http://www.w3.org/2001/XMLSchema-instance" xsi:noNamespaceSchemaLocation="https://maven.apache.org/surefire/maven-surefire-plugin/xsd/surefire-test-report-3.0.xsd" version="3.0" name="com.cascada.sql.rewrite.ComplexCteGapQueryTest" time="0.018" tests="4" errors="0" skipped="0" failures="0">
  <properties>
[...]
</properties>
  <testcase name="stripsTimeConditionsInsideABaseTableCteButKeepsOtherPredicates" classname="com.cascada.sql.rewrite.ComplexCteGapQueryTest" time="0.005"/>
  <testcase name="handlesADeepFiveLevelCteChainWithoutCorruptingTheSql" classname="com.cascada.sql.rewrite.ComplexCteGapQueryTest" time="0.004"/>
  <testcase name="injectsIntoEveryBaseTableCteInAMultiSourceWith" classname="com.cascada.sql.rewrite.ComplexCteGapQueryTest" time="0.003"/>
  <testcase name="injectsTheGapIntoTheBaseTableCteOnlyNotTheDependentCtes" classname="com.cascada.sql.rewrite.ComplexCteGapQueryTest" time="0.003"/>
</testsuite>